# JRE version: OpenJDK Runtime Environment (8.0_45-b14) (build 1.8.0_45-internal-b14)
# Java VM: OpenJDK 64-Bit Server VM (25.45-b02 mixed mode linux-amd64 compressed oops)
Heap:
 PSYoungGen      total 124416K, used 18873K [0x00000000d8000000, 0x00000000e2200000, 0x0000000100000000)
  eden space 113152K, 15% used [0x00000000d8000000,0x00000000d910abe8,0x00000000dee80000)
  from space 11264K, 12% used [0x00000000df980000,0x00000000dfae38a0,0x00000000e0480000)
  to   space 11264K, 0% used [0x00000000dee80000,0x00000000dee80000,0x00000000df980000)
 ParOldGen       total 60928K, used 8055K [0x0000000088000000, 0x000000008bb80000, 0x00000000d8000000)
  object space 60928K, 13% used [0x0000000088000000,0x00000000887ddf70,0x000000008bb80000)
 Metaspace       used 23532K, capacity 23821K, committed 24320K, reserved 1071104K
  class space    used 2637K, capacity 2751K, committed 2816K, reserved 1048576K
GC Heap History (10 events):
Event: 1.703 GC heap before
{Heap before GC invocations=3 (full 0):
 PSYoungGen      total 66560K, used 30699K [0x00000000d8000000, 0x00000000dc600000, 0x0000000100000000)
  eden space 61440K, 41% used [0x00000000d8000000,0x00000000d98fd6d0,0x00000000dbc00000)
  from space 5120K, 99% used [0x00000000dc100000,0x00000000dc5fd5b0,0x00000000dc600000)
  to   space 5120K, 0% used [0x00000000dbc00000,0x00000000dbc00000,0x00000000dc100000)
 ParOldGen       total 81920K, used 4827K [0x0000000088000000, 0x000000008d000000, 0x00000000d8000000)
  object space 81920K, 5% used [0x0000000088000000,0x00000000884b6cf8,0x000000008d000000)
 Metaspace       used 20758K, capacity 20961K, committed 21248K, reserved 1069056K
  class space    used 2380K, capacity 2469K, committed 2560K, reserved 1048576K
Event: 1.715 GC heap after
Heap after GC invocations=3 (full 0):
 PSYoungGen      total 66560K, used 5107K [0x00000000d8000000, 0x00000000e0200000, 0x0000000100000000)
  eden space 61440K, 0% used [0x00000000d8000000,0x00000000d8000000,0x00000000dbc00000)
  from space 5120K, 99% used [0x00000000dbc00000,0x00000000dc0fce50,0x00000000dc100000)
  to   space 5120K, 0% used [0x00000000dfd00000,0x00000000dfd00000,0x00000000e0200000)
 ParOldGen       total 81920K, used 6332K [0x0000000088000000, 0x000000008d000000, 0x00000000d8000000)
  object space 81920K, 7% used [0x0000000088000000,0x000000008862f0f0,0x000000008d000000)
 Metaspace       used 20758K, capacity 20961K, committed 21248K, reserved 1069056K
  class space    used 2380K, capacity 2469K, committed 2560K, reserved 1048576K
}
Event: 1.715 GC heap before
{Heap before GC invocations=4 (full 1):
 PSYoungGen      total 66560K, used 5107K [0x00000000d8000000, 0x00000000e0200000, 0x0000000100000000)
  eden space 61440K, 0% used [0x00000000d8000000,0x00000000d8000000,0x00000000dbc00000)
  from space 5120K, 99% used [0x00000000dbc00000,0x00000000dc0fce50,0x00000000dc100000)
  to   space 5120K, 0% used [0x00000000dfd00000,0x00000000dfd00000,0x00000000e0200000)
 ParOldGen       total 81920K, used 6332K [0x0000000088000000, 0x000000008d000000, 0x00000000d8000000)
  object space 81920K, 7% used [0x0000000088000000,0x000000008862f0f0,0x000000008d000000)
 Metaspace       used 20758K, capacity 20961K, committed 21248K, reserved 1069056K
  class space    used 2380K, capacity 2469K, committed 2560K, reserved 1048576K
Event: 1.765 GC heap after
Heap after GC invocations=4 (full 1):
 PSYoungGen      total 66560K, used 0K [0x00000000d8000000, 0x00000000e0200000, 0x0000000100000000)
  eden space 61440K, 0% used [0x00000000d8000000,0x00000000d8000000,0x00000000dbc00000)
  from space 5120K, 0% used [0x00000000dbc00000,0x00000000dbc00000,0x00000000dc100000)
  to   space 5120K, 0% used [0x00000000dfd00000,0x00000000dfd00000,0x00000000e0200000)
 ParOldGen       total 60928K, used 8039K [0x0000000088000000, 0x000000008bb80000, 0x00000000d8000000)
  object space 60928K, 13% used [0x0000000088000000,0x00000000887d9f70,0x000000008bb80000)
 Metaspace       used 20758K, capacity 20961K, committed 21248K, reserved 1069056K
  class space    used 2380K, capacity 2469K, committed 2560K, reserved 1048576K
}
Event: 281.668 GC heap before
{Heap before GC invocations=5 (full 1):
 PSYoungGen      total 66560K, used 61440K [0x00000000d8000000, 0x00000000e0200000, 0x0000000100000000)
  eden space 61440K, 100% used [0x00000000d8000000,0x00000000dbc00000,0x00000000dbc00000)
  from space 5120K, 0% used [0x00000000dbc00000,0x00000000dbc00000,0x00000000dc100000)
  to   space 5120K, 0% used [0x00000000dfd00000,0x00000000dfd00000,0x00000000e0200000)
 ParOldGen       total 60928K, used 8039K [0x0000000088000000, 0x000000008bb80000, 0x00000000d8000000)
  object space 60928K, 13% used [0x0000000088000000,0x00000000887d9f70,0x000000008bb80000)
 Metaspace       used 22980K, capacity 23289K, committed 23680K, reserved 1071104K
  class space    used 2596K, capacity 2679K, committed 2688K, reserved 1048576K
Event: 281.670 GC heap after
Heap after GC invocations=5 (full 1):
 PSYoungGen      total 87040K, used 1505K [0x00000000d8000000, 0x00000000dfe80000, 0x0000000100000000)
  eden space 85504K, 0% used [0x00000000d8000000,0x00000000d8000000,0x00000000dd380000)
  from space 1536K, 98% used [0x00000000dfd00000,0x00000000dfe787f0,0x00000000dfe80000)
  to   space 5120K, 0% used [0x00000000df480000,0x00000000df480000,0x00000000df980000)
 ParOldGen       total 60928K, used 8039K [0x0000000088000000, 0x000000008bb80000, 0x00000000d8000000)
  object space 60928K, 13% used [0x0000000088000000,0x00000000887d9f70,0x000000008bb80000)
 Metaspace       used 22980K, capacity 23289K, committed 23680K, reserved 1071104K
  class space    used 2596K, capacity 2679K, committed 2688K, reserved 1048576K
}
Event: 734.469 GC heap before
{Heap before GC invocations=6 (full 1):
 PSYoungGen      total 87040K, used 87009K [0x00000000d8000000, 0x00000000dfe80000, 0x0000000100000000)
  eden space 85504K, 100% used [0x00000000d8000000,0x00000000dd380000,0x00000000dd380000)
  from space 1536K, 98% used [0x00000000dfd00000,0x00000000dfe787f0,0x00000000dfe80000)
  to   space 5120K, 0% used [0x00000000df480000,0x00000000df480000,0x00000000df980000)
 ParOldGen       total 60928K, used 8039K [0x0000000088000000, 0x000000008bb80000, 0x00000000d8000000)
  object space 60928K, 13% used [0x0000000088000000,0x00000000887d9f70,0x000000008bb80000)
 Metaspace       used 23453K, capacity 23719K, committed 24064K, reserved 1071104K
  class space    used 2633K, capacity 2718K, committed 2816K, reserved 1048576K
Event: 734.482 GC heap after
Heap after GC invocations=6 (full 1):
 PSYoungGen      total 118272K, used 1570K [0x00000000d8000000, 0x00000000e0480000, 0x0000000100000000)
  eden space 113152K, 0% used [0x00000000d8000000,0x00000000d8000000,0x00000000dee80000)
  from space 5120K, 30% used [0x00000000df480000,0x00000000df608858,0x00000000df980000)
  to   space 11264K, 0% used [0x00000000df980000,0x00000000df980000,0x00000000e0480000)
 ParOldGen       total 60928K, used 8047K [0x0000000088000000, 0x000000008bb80000, 0x00000000d8000000)
  object space 60928K, 13% used [0x0000000088000000,0x00000000887dbf70,0x000000008bb80000)
 Metaspace       used 23453K, capacity 23719K, committed 24064K, reserved 1071104K
  class space    used 2633K, capacity 2718K, committed 2816K, reserved 1048576K
}
Event: 1374.984 GC heap before
{Heap before GC invocations=7 (full 1):
 PSYoungGen      total 118272K, used 114722K [0x00000000d8000000, 0x00000000e0480000, 0x0000000100000000)
  eden space 113152K, 100% used [0x00000000d8000000,0x00000000dee80000,0x00000000dee80000)
  from space 5120K, 30% used [0x00000000df480000,0x00000000df608858,0x00000000df980000)
  to   space 11264K, 0% used [0x00000000df980000,0x00000000df980000,0x00000000e0480000)
 ParOldGen       total 60928K, used 8047K [0x0000000088000000, 0x000000008bb80000, 0x00000000d8000000)
  object space 60928K, 13% used [0x0000000088000000,0x00000000887dbf70,0x000000008bb80000)
 Metaspace       used 23529K, capacity 23821K, committed 24320K, reserved 1071104K
  class space    used 2636K, capacity 2751K, committed 2816K, reserved 1048576K
Event: 1374.987 GC heap after
Heap after GC invocations=7 (full 1):
 PSYoungGen      total 124416K, used 1422K [0x00000000d8000000, 0x00000000e2200000, 0x0000000100000000)
  eden space 113152K, 0% used [0x00000000d8000000,0x00000000d8000000,0x00000000dee80000)
  from space 11264K, 12% used [0x00000000df980000,0x00000000dfae38a0,0x00000000e0480000)
  to   space 11264K, 0% used [0x00000000dee80000,0x00000000dee80000,0x00000000df980000)
 ParOldGen       total 60928K, used 8055K [0x0000000088000000, 0x000000008bb80000, 0x00000000d8000000)
  object space 60928K, 13% used [0x0000000088000000,0x00000000887ddf70,0x000000008bb80000)
 Metaspace       used 23529K, capacity 23821K, committed 24320K, reserved 1071104K
  class space    used 2636K, capacity 2751K, committed 2816K, reserved 1048576K
}

