# JRE version: OpenJDK Runtime Environment (8.0_45-b14) (build 1.8.0_45-internal-b14)
# Java VM: OpenJDK 64-Bit Server VM (25.45-b02 mixed mode linux-amd64 compressed oops)
Heap:
 PSYoungGen      total 28160K, used 3489K [0x00000000d8000000, 0x00000000d9c80000, 0x0000000100000000)
  eden space 27648K, 12% used [0x00000000d8000000,0x00000000d83506d0,0x00000000d9b00000)
  from space 512K, 18% used [0x00000000d9b80000,0x00000000d9b98000,0x00000000d9c00000)
  to   space 512K, 0% used [0x00000000d9c00000,0x00000000d9c00000,0x00000000d9c80000)
 ParOldGen       total 61440K, used 8979K [0x0000000088000000, 0x000000008bc00000, 0x00000000d8000000)
  object space 61440K, 14% used [0x0000000088000000,0x00000000888c4f30,0x000000008bc00000)
 Metaspace       used 23061K, capacity 23347K, committed 23680K, reserved 1071104K
  class space    used 2578K, capacity 2682K, committed 2688K, reserved 1048576K
GC Heap History (10 events):
Event: 4419.438 GC heap before
{Heap before GC invocations=68 (full 1):
 PSYoungGen      total 28160K, used 27744K [0x00000000d8000000, 0x00000000d9c80000, 0x0000000100000000)
  eden space 27648K, 100% used [0x00000000d8000000,0x00000000d9b00000,0x00000000d9b00000)
  from space 512K, 18% used [0x00000000d9c00000,0x00000000d9c18000,0x00000000d9c80000)
  to   space 512K, 0% used [0x00000000d9b80000,0x00000000d9b80000,0x00000000d9c00000)
 ParOldGen       total 61440K, used 8979K [0x0000000088000000, 0x000000008bc00000, 0x00000000d8000000)
  object space 61440K, 14% used [0x0000000088000000,0x00000000888c4f30,0x000000008bc00000)
 Metaspace       used 23047K, capacity 23283K, committed 23680K, reserved 1071104K
  class space    used 2577K, capacity 2682K, committed 2688K, reserved 1048576K
Event: 4419.439 GC heap after
Heap after GC invocations=68 (full 1):
 PSYoungGen      total 28160K, used 64K [0x00000000d8000000, 0x00000000d9c80000, 0x0000000100000000)
  eden space 27648K, 0% used [0x00000000d8000000,0x00000000d8000000,0x00000000d9b00000)
  from space 512K, 12% used [0x00000000d9b80000,0x00000000d9b90000,0x00000000d9c00000)
  to   space 512K, 0% used [0x00000000d9c00000,0x00000000d9c00000,0x00000000d9c80000)
 ParOldGen       total 61440K, used 8979K [0x0000000088000000, 0x000000008bc00000, 0x00000000d8000000)
  object space 61440K, 14% used [0x0000000088000000,0x00000000888c4f30,0x000000008bc00000)
 Metaspace       used 23047K, capacity 23283K, committed 23680K, reserved 1071104K
  class space    used 2577K, capacity 2682K, committed 2688K, reserved 1048576K
}
Event: 4481.921 GC heap before
{Heap before GC invocations=69 (full 1):
 PSYoungGen      total 28160K, used 27712K [0x00000000d8000000, 0x00000000d9c80000, 0x0000000100000000)
  eden space 27648K, 100% used [0x00000000d8000000,0x00000000d9b00000,0x00000000d9b00000)
  from space 512K, 12% used [0x00000000d9b80000,0x00000000d9b90000,0x00000000d9c00000)
  to   space 512K, 0% used [0x00000000d9c00000,0x00000000d9c00000,0x00000000d9c80000)
 ParOldGen       total 61440K, used 8979K [0x0000000088000000, 0x000000008bc00000, 0x00000000d8000000)
  object space 61440K, 14% used [0x0000000088000000,0x00000000888c4f30,0x000000008bc00000)
 Metaspace       used 23047K, capacity 23283K, committed 23680K, reserved 1071104K
  class space    used 2577K, capacity 2682K, committed 2688K, reserved 1048576K
Event: 4481.922 GC heap after
Heap after GC invocations=69 (full 1):
 PSYoungGen      total 28160K, used 96K [0x00000000d8000000, 0x00000000d9c80000, 0x0000000100000000)
  eden space 27648K, 0% used [0x00000000d8000000,0x00000000d8000000,0x00000000d9b00000)
  from space 512K, 18% used [0x00000000d9c00000,0x00000000d9c18000,0x00000000d9c80000)
  to   space 512K, 0% used [0x00000000d9b80000,0x00000000d9b80000,0x00000000d9c00000)
 ParOldGen       total 61440K, used 8979K [0x0000000088000000, 0x000000008bc00000, 0x00000000d8000000)
  object space 61440K, 14% used [0x0000000088000000,0x00000000888c4f30,0x000000008bc00000)
 Metaspace       used 23047K, capacity 23283K, committed 23680K, reserved 1071104K
  class space    used 2577K, capacity 2682K, committed 2688K, reserved 1048576K
}
Event: 4544.421 GC heap before
{Heap before GC invocations=70 (full 1):
 PSYoungGen      total 28160K, used 27744K [0x00000000d8000000, 0x00000000d9c80000, 0x0000000100000000)
  eden space 27648K, 100% used [0x00000000d8000000,0x00000000d9b00000,0x00000000d9b00000)
  from space 512K, 18% used [0x00000000d9c00000,0x00000000d9c18000,0x00000000d9c80000)
  to   space 512K, 0% used [0x00000000d9b80000,0x00000000d9b80000,0x00000000d9c00000)
 ParOldGen       total 61440K, used 8979K [0x0000000088000000, 0x000000008bc00000, 0x00000000d8000000)
  object space 61440K, 14% used [0x0000000088000000,0x00000000888c4f30,0x000000008bc00000)
 Metaspace       used 23047K, capacity 23283K, committed 23680K, reserved 1071104K
  class space    used 2577K, capacity 2682K, committed 2688K, reserved 1048576K
Event: 4544.422 GC heap after
Heap after GC invocations=70 (full 1):
 PSYoungGen      total 28160K, used 64K [0x00000000d8000000, 0x00000000d9c80000, 0x0000000100000000)
  eden space 27648K, 0% used [0x00000000d8000000,0x00000000d8000000,0x00000000d9b00000)
  from space 512K, 12% used [0x00000000d9b80000,0x00000000d9b90000,0x00000000d9c00000)
  to   space 512K, 0% used [0x00000000d9c00000,0x00000000d9c00000,0x00000000d9c80000)
 ParOldGen       total 61440K, used 8979K [0x0000000088000000, 0x000000008bc00000, 0x00000000d8000000)
  object space 61440K, 14% used [0x0000000088000000,0x00000000888c4f30,0x000000008bc00000)
 Metaspace       used 23047K, capacity 23283K, committed 23680K, reserved 1071104K
  class space    used 2577K, capacity 2682K, committed 2688K, reserved 1048576K
}
Event: 4606.905 GC heap before
{Heap before GC invocations=71 (full 1):
 PSYoungGen      total 28160K, used 27712K [0x00000000d8000000, 0x00000000d9c80000, 0x0000000100000000)
  eden space 27648K, 100% used [0x00000000d8000000,0x00000000d9b00000,0x00000000d9b00000)
  from space 512K, 12% used [0x00000000d9b80000,0x00000000d9b90000,0x00000000d9c00000)
  to   space 512K, 0% used [0x00000000d9c00000,0x00000000d9c00000,0x00000000d9c80000)
 ParOldGen       total 61440K, used 8979K [0x0000000088000000, 0x000000008bc00000, 0x00000000d8000000)
  object space 61440K, 14% used [0x0000000088000000,0x00000000888c4f30,0x000000008bc00000)
 Metaspace       used 23047K, capacity 23283K, committed 23680K, reserved 1071104K
  class space    used 2577K, capacity 2682K, committed 2688K, reserved 1048576K
Event: 4606.906 GC heap after
Heap after GC invocations=71 (full 1):
 PSYoungGen      total 28160K, used 64K [0x00000000d8000000, 0x00000000d9c80000, 0x0000000100000000)
  eden space 27648K, 0% used [0x00000000d8000000,0x00000000d8000000,0x00000000d9b00000)
  from space 512K, 12% used [0x00000000d9c00000,0x00000000d9c10000,0x00000000d9c80000)
  to   space 512K, 0% used [0x00000000d9b80000,0x00000000d9b80000,0x00000000d9c00000)
 ParOldGen       total 61440K, used 8979K [0x0000000088000000, 0x000000008bc00000, 0x00000000d8000000)
  object space 61440K, 14% used [0x0000000088000000,0x00000000888c4f30,0x000000008bc00000)
 Metaspace       used 23047K, capacity 23283K, committed 23680K, reserved 1071104K
  class space    used 2577K, capacity 2682K, committed 2688K, reserved 1048576K
}
Event: 4669.405 GC heap before
{Heap before GC invocations=72 (full 1):
 PSYoungGen      total 28160K, used 27712K [0x00000000d8000000, 0x00000000d9c80000, 0x0000000100000000)
  eden space 27648K, 100% used [0x00000000d8000000,0x00000000d9b00000,0x00000000d9b00000)
  from space 512K, 12% used [0x00000000d9c00000,0x00000000d9c10000,0x00000000d9c80000)
  to   space 512K, 0% used [0x00000000d9b80000,0x00000000d9b80000,0x00000000d9c00000)
 ParOldGen       total 61440K, used 8979K [0x0000000088000000, 0x000000008bc00000, 0x00000000d8000000)
  object space 61440K, 14% used [0x0000000088000000,0x00000000888c4f30,0x000000008bc00000)
 Metaspace       used 23047K, capacity 23283K, committed 23680K, reserved 1071104K
  class space    used 2577K, capacity 2682K, committed 2688K, reserved 1048576K
Event: 4669.407 GC heap after
Heap after GC invocations=72 (full 1):
 PSYoungGen      total 28160K, used 96K [0x00000000d8000000, 0x00000000d9c80000, 0x0000000100000000)
  eden space 27648K, 0% used [0x00000000d8000000,0x00000000d8000000,0x00000000d9b00000)
  from space 512K, 18% used [0x00000000d9b80000,0x00000000d9b98000,0x00000000d9c00000)
  to   space 512K, 0% used [0x00000000d9c00000,0x00000000d9c00000,0x00000000d9c80000)
 ParOldGen       total 61440K, used 8979K [0x0000000088000000, 0x000000008bc00000, 0x00000000d8000000)
  object space 61440K, 14% used [0x0000000088000000,0x00000000888c4f30,0x000000008bc00000)
 Metaspace       used 23047K, capacity 23283K, committed 23680K, reserved 1071104K
  class space    used 2577K, capacity 2682K, committed 2688K, reserved 1048576K
}

